<?xml version="1.0" encoding="UTF-8"?>
<!-- Generated by org.testng.reporters.JUnitXMLReporter -->
<testsuite hostname="DESKTOP-HI11D0F" name="Test" tests="2" failures="1" timestamp="23 Dec 2017 11:36:56 GMT" time="9.946" errors="0">
  <testcase name="CreateCustomerTest" time="0.142" classname="com.framework.scripts.TasksTest">
    <failure type="java.lang.IllegalArgumentException" message="The supplied POIFSFileSystem does not contain a BIFF8 &amp;apos;Workbook&amp;apos; entry. Is it really an excel file? Had: [Ole]">
      <![CDATA[java.lang.IllegalArgumentException: The supplied POIFSFileSystem does not contain a BIFF8 'Workbook' entry. Is it really an excel file? Had: [Ole]
	at org.apache.poi.hssf.usermodel.HSSFWorkbook.getWorkbookDirEntryName(HSSFWorkbook.java:298)
	at org.apache.poi.hssf.usermodel.HSSFWorkbook.<init>(HSSFWorkbook.java:339)
	at org.apache.poi.ss.usermodel.WorkbookFactory.create(WorkbookFactory.java:102)
	at org.apache.poi.ss.usermodel.WorkbookFactory.create(WorkbookFactory.java:182)
	at org.apache.poi.ss.usermodel.WorkbookFactory.create(WorkbookFactory.java:149)
	at com.framework.ExcelUtilities.readData(ExcelUtilities.java:21)
	at com.framework.scripts.TasksTest.CreateCustomerTest(TasksTest.java:19)
... Removed 24 stack frames]]>
    </failure>
  </testcase> <!-- CreateCustomerTest -->
  <testcase name="deletecustomertest" time="0.0" classname="com.framework.scripts.TasksTest">
    <skipped/>
  </testcase> <!-- deletecustomertest -->
</testsuite> <!-- Test -->
